[debug] [2020-11-13T22:49:09.601Z] ----------------------------------------------------------------------
[debug] [2020-11-13T22:49:09.615Z] Command:       C:\Program Files\nodejs\node.exe C:\Users\Babatunde Victoria\AppData\Roaming\npm\node_modules\firebase-tools\lib\bin\firebase.js init
[debug] [2020-11-13T22:49:09.617Z] CLI Version:   8.16.2
[debug] [2020-11-13T22:49:09.617Z] Platform:      win32
[debug] [2020-11-13T22:49:09.618Z] Node Version:  v12.18.3
[debug] [2020-11-13T22:49:09.623Z] Time:          Fri Nov 13 2020 23:49:09 GMT+0100 (GMT+01:00)
[debug] [2020-11-13T22:49:09.625Z] ----------------------------------------------------------------------
[debug] [2020-11-13T22:49:09.626Z] 
[debug] [2020-11-13T22:49:09.668Z] > command requires scopes: ["email","openid","https://www.googleapis.com/auth/cloudplatformprojects.readonly","https://www.googleapis.com/auth/firebase","https://www.googleapis.com/auth/cloud-platform"]
[debug] [2020-11-13T22:49:09.672Z] > authorizing via signed-in user
[info] 
     ######## #### ########  ######## ########     ###     ######  ########
     ##        ##  ##     ## ##       ##     ##  ##   ##  ##       ##
     ######    ##  ########  ######   ########  #########  ######  ######
     ##        ##  ##    ##  ##       ##     ## ##     ##       ## ##
     ##       #### ##     ## ######## ########  ##     ##  ######  ########

You're about to initialize a Firebase project in this directory:

  C:\Users\Public\Documents\PortfolioWebsite

Before we get started, keep in mind:

  * You are currently outside your home directory

[info] 
=== Project Setup
[info] 
[info] First, let's associate this project directory with a Firebase project.
[info] You can create multiple project aliases by running firebase use --add, 
[info] but for now we'll just set up a default project.
[info] 
[info] i  If you want to create a project in a Google Cloud organization or folder, please use "firebase projects:create" instead, and return to this command when you've created the project. 
